<?xml version="1.0" encoding="UTF-8"?>
<testng-results skipped="0" failed="0" total="1" passed="1">
  <reporter-output>
  </reporter-output>
  <suite name="Suite" duration-ms="161698" started-at="2020-08-04T13:46:43Z" finished-at="2020-08-04T13:49:24Z">
    <groups>
      <group name="cucumber">
        <method signature="AbstractTestNGCucumberTests.feature(cucumber.api.testng.CucumberFeatureWrapper)[pri:0, instance:runners.Runner@3e9b1010]" name="feature" class="cucumber.api.testng.AbstractTestNGCucumberTests"/>
      </group> <!-- cucumber -->
    </groups>
    <test name="Test" duration-ms="161698" started-at="2020-08-04T13:46:43Z" finished-at="2020-08-04T13:49:24Z">
      <class name="runners.Runner">
        <test-method status="PASS" signature="setUpClass()[pri:0, instance:runners.Runner@3e9b1010]" name="setUpClass" is-config="true" duration-ms="1298" started-at="2020-08-04T19:16:43Z" finished-at="2020-08-04T19:16:44Z">
          <reporter-output>
          </reporter-output>
        </test-method> <!-- setUpClass -->
        <test-method status="PASS" signature="feature(cucumber.api.testng.CucumberFeatureWrapper)[pri:0, instance:runners.Runner@3e9b1010]" name="feature" duration-ms="156558" started-at="2020-08-04T19:16:44Z" description="Runs Cucumber Feature" data-provider="features" finished-at="2020-08-04T19:19:21Z">
          <params>
            <param index="0">
              <value>
                <![CDATA[Acceptance testing.]]>
              </value>
            </param>
          </params>
          <reporter-output>
          </reporter-output>
        </test-method> <!-- feature -->
        <test-method status="PASS" signature="teardown()[pri:0, instance:runners.Runner@3e9b1010]" name="teardown" is-config="true" duration-ms="1470" started-at="2020-08-04T19:19:21Z" finished-at="2020-08-04T19:19:22Z">
          <reporter-output>
          </reporter-output>
        </test-method> <!-- teardown -->
        <test-method status="PASS" signature="tearDownClass()[pri:0, instance:runners.Runner@3e9b1010]" name="tearDownClass" is-config="true" duration-ms="2019" started-at="2020-08-04T19:19:22Z" finished-at="2020-08-04T19:19:24Z">
          <reporter-output>
          </reporter-output>
        </test-method> <!-- tearDownClass -->
      </class> <!-- runners.Runner -->
    </test> <!-- Test -->
  </suite> <!-- Suite -->
</testng-results>
